{"level":"info","message":"timestemp : Tue Feb 13 2024 09:13:37 GMT+0530 (India Standard Time), requestUrl : /api/users/signup, statusCode : undefined, message : undefined","service":"request-logging"}
{"level":"error","message":"timestemp : Tue Feb 13 2024 09:13:37 GMT+0530 (India Standard Time), requestUrl : /api/users/signup, statusCode : undefined, message : undefined","service":"request-logging"}
{"level":"info","message":"timestemp : Tue Feb 13 2024 09:14:28 GMT+0530 (India Standard Time), requestUrl : /api/users/signup, statusCode : undefined, message : User validation failed: gender: `Male` is not a valid enum value for path `gender`.","service":"request-logging"}
{"level":"error","message":"timestemp : Tue Feb 13 2024 09:14:28 GMT+0530 (India Standard Time), requestUrl : /api/users/signup, statusCode : undefined, message : User validation failed: gender: `Male` is not a valid enum value for path `gender`.","service":"request-logging"}
{"level":"info","message":"timestemp : Tue Feb 13 2024 09:18:47 GMT+0530 (India Standard Time), requestUrl : /api/users/signup, statusCode : undefined, message : User validation failed: gender: `Male` is not a valid enum value for path `gender`.","service":"request-logging"}
{"level":"error","message":"timestemp : Tue Feb 13 2024 09:18:47 GMT+0530 (India Standard Time), requestUrl : /api/users/signup, statusCode : undefined, message : User validation failed: gender: `Male` is not a valid enum value for path `gender`.","service":"request-logging"}
{"level":"info","message":"timestemp : Tue Feb 13 2024 09:19:33 GMT+0530 (India Standard Time), requestUrl : /api/users/signup, statusCode : undefined, message : User validation failed: gender: `Male` is not a valid enum value for path `gender`.","service":"request-logging"}
{"level":"error","message":"timestemp : Tue Feb 13 2024 09:19:33 GMT+0530 (India Standard Time), requestUrl : /api/users/signup, statusCode : undefined, message : User validation failed: gender: `Male` is not a valid enum value for path `gender`.","service":"request-logging"}
{"level":"info","message":"timestemp : Tue Feb 13 2024 09:19:49 GMT+0530 (India Standard Time), requestUrl : /api/users/signup, statusCode : undefined, message : User validation failed: gender: `Male` is not a valid enum value for path `gender`.","service":"request-logging"}
{"level":"error","message":"timestemp : Tue Feb 13 2024 09:19:49 GMT+0530 (India Standard Time), requestUrl : /api/users/signup, statusCode : undefined, message : User validation failed: gender: `Male` is not a valid enum value for path `gender`.","service":"request-logging"}
{"level":"info","message":"timestemp : Tue Feb 13 2024 09:20:19 GMT+0530 (India Standard Time), requestUrl : /api/users/signup, statusCode : undefined, message : User validation failed: gender: `Male` is not a valid enum value for path `gender`.","service":"request-logging"}
{"level":"error","message":"timestemp : Tue Feb 13 2024 09:20:19 GMT+0530 (India Standard Time), requestUrl : /api/users/signup, statusCode : undefined, message : User validation failed: gender: `Male` is not a valid enum value for path `gender`.","service":"request-logging"}
{"level":"info","message":"timestemp : Tue Feb 13 2024 09:20:57 GMT+0530 (India Standard Time), requestUrl : /api/users/signup, statusCode : undefined, message : User validation failed: gender: `Male` is not a valid enum value for path `gender`.","service":"request-logging"}
{"level":"error","message":"timestemp : Tue Feb 13 2024 09:20:57 GMT+0530 (India Standard Time), requestUrl : /api/users/signup, statusCode : undefined, message : User validation failed: gender: `Male` is not a valid enum value for path `gender`.","service":"request-logging"}
{"level":"info","message":"timestemp : Tue Feb 13 2024 09:21:52 GMT+0530 (India Standard Time), requestUrl : /api/users/signup, statusCode : undefined, message : User validation failed: gender: `Male` is not a valid enum value for path `gender`.","service":"request-logging"}
{"level":"error","message":"timestemp : Tue Feb 13 2024 09:21:52 GMT+0530 (India Standard Time), requestUrl : /api/users/signup, statusCode : undefined, message : User validation failed: gender: `Male` is not a valid enum value for path `gender`.","service":"request-logging"}
{"level":"info","message":"timestemp : Tue Feb 13 2024 09:59:44 GMT+0530 (India Standard Time), requestUrl : /api/users/signup, statusCode : 401, message : User not registered","service":"request-logging"}
{"level":"error","message":"timestemp : Tue Feb 13 2024 09:59:44 GMT+0530 (India Standard Time), requestUrl : /api/users/signup, statusCode : 401, message : User not registered","service":"request-logging"}
{"level":"info","message":"timestemp : Tue Feb 13 2024 10:00:14 GMT+0530 (India Standard Time), requestUrl : /api/users/signup, statusCode : 401, message : User not registered","service":"request-logging"}
{"level":"error","message":"timestemp : Tue Feb 13 2024 10:00:14 GMT+0530 (India Standard Time), requestUrl : /api/users/signup, statusCode : 401, message : User not registered","service":"request-logging"}
{"level":"info","message":"timestemp : Tue Feb 13 2024 10:00:42 GMT+0530 (India Standard Time), requestUrl : /api/users/signup, statusCode : 401, message : User not registered","service":"request-logging"}
{"level":"error","message":"timestemp : Tue Feb 13 2024 10:00:42 GMT+0530 (India Standard Time), requestUrl : /api/users/signup, statusCode : 401, message : User not registered","service":"request-logging"}
{"level":"info","message":"timestemp : Tue Feb 13 2024 10:01:11 GMT+0530 (India Standard Time), requestUrl : /api/users/signup, statusCode : 401, message : User not registered","service":"request-logging"}
{"level":"error","message":"timestemp : Tue Feb 13 2024 10:01:11 GMT+0530 (India Standard Time), requestUrl : /api/users/signup, statusCode : 401, message : User not registered","service":"request-logging"}
{"level":"info","message":"timestemp : Tue Feb 13 2024 10:01:38 GMT+0530 (India Standard Time), requestUrl : /api/users/signup, statusCode : 401, message : User not registered","service":"request-logging"}
{"level":"error","message":"timestemp : Tue Feb 13 2024 10:01:38 GMT+0530 (India Standard Time), requestUrl : /api/users/signup, statusCode : 401, message : User not registered","service":"request-logging"}
{"level":"info","message":"timestemp : Tue Feb 13 2024 10:05:44 GMT+0530 (India Standard Time), requestUrl : /api/users/signup, statusCode : 401, message : User not registered","service":"request-logging"}
{"level":"error","message":"timestemp : Tue Feb 13 2024 10:05:44 GMT+0530 (India Standard Time), requestUrl : /api/users/signup, statusCode : 401, message : User not registered","service":"request-logging"}
{"level":"info","message":"timestemp : Tue Feb 13 2024 10:06:11 GMT+0530 (India Standard Time), requestUrl : /api/users/signup, statusCode : 401, message : User not registered","service":"request-logging"}
{"level":"error","message":"timestemp : Tue Feb 13 2024 10:06:11 GMT+0530 (India Standard Time), requestUrl : /api/users/signup, statusCode : 401, message : User not registered","service":"request-logging"}
{"level":"info","message":"timestemp : Tue Feb 13 2024 10:06:41 GMT+0530 (India Standard Time), requestUrl : /api/users/signup, statusCode : undefined, message : User validation failed: gender: `emale` is not a valid enum value for path `gender`.","service":"request-logging"}
{"level":"error","message":"timestemp : Tue Feb 13 2024 10:06:41 GMT+0530 (India Standard Time), requestUrl : /api/users/signup, statusCode : undefined, message : User validation failed: gender: `emale` is not a valid enum value for path `gender`.","service":"request-logging"}
{"level":"info","message":"timestemp : Tue Feb 13 2024 10:11:57 GMT+0530 (India Standard Time), requestUrl : /api/users/signup, statusCode : undefined, message : User validation failed: gender: `emale` is not a valid enum value for path `gender`.","service":"request-logging"}
{"level":"error","message":"timestemp : Tue Feb 13 2024 10:11:57 GMT+0530 (India Standard Time), requestUrl : /api/users/signup, statusCode : undefined, message : User validation failed: gender: `emale` is not a valid enum value for path `gender`.","service":"request-logging"}
{"level":"info","message":"timestemp : Tue Feb 13 2024 10:13:45 GMT+0530 (India Standard Time), requestUrl : /api/users/signup, statusCode : undefined, message : User validation failed: gender: `emale` is not a valid enum value for path `gender`.","service":"request-logging"}
{"level":"error","message":"timestemp : Tue Feb 13 2024 10:13:45 GMT+0530 (India Standard Time), requestUrl : /api/users/signup, statusCode : undefined, message : User validation failed: gender: `emale` is not a valid enum value for path `gender`.","service":"request-logging"}
{"level":"info","message":"timestemp : Tue Feb 13 2024 10:13:57 GMT+0530 (India Standard Time), requestUrl : /api/users/signup, statusCode : undefined, message : User validation failed: gender: `emale` is not a valid enum value for path `gender`.","service":"request-logging"}
{"level":"error","message":"timestemp : Tue Feb 13 2024 10:13:57 GMT+0530 (India Standard Time), requestUrl : /api/users/signup, statusCode : undefined, message : User validation failed: gender: `emale` is not a valid enum value for path `gender`.","service":"request-logging"}
{"level":"info","message":"timestemp : Tue Feb 13 2024 10:15:21 GMT+0530 (India Standard Time), requestUrl : /api/users/signup, statusCode : undefined, message : User validation failed: email: Please enter a valid email address","service":"request-logging"}
{"level":"error","message":"timestemp : Tue Feb 13 2024 10:15:21 GMT+0530 (India Standard Time), requestUrl : /api/users/signup, statusCode : undefined, message : User validation failed: email: Please enter a valid email address","service":"request-logging"}
{"level":"info","message":"timestemp : Tue Feb 13 2024 10:15:36 GMT+0530 (India Standard Time), requestUrl : /api/users/signup, statusCode : undefined, message : User validation failed: gender: `emale` is not a valid enum value for path `gender`.","service":"request-logging"}
{"level":"error","message":"timestemp : Tue Feb 13 2024 10:15:36 GMT+0530 (India Standard Time), requestUrl : /api/users/signup, statusCode : undefined, message : User validation failed: gender: `emale` is not a valid enum value for path `gender`.","service":"request-logging"}
{"level":"info","message":"timestemp : Tue Feb 13 2024 10:18:11 GMT+0530 (India Standard Time), requestUrl : /api/users/signup, statusCode : undefined, message : User validation failed: gender: `emale` is not a valid enum value for path `gender`.","service":"request-logging"}
{"level":"error","message":"timestemp : Tue Feb 13 2024 10:18:11 GMT+0530 (India Standard Time), requestUrl : /api/users/signup, statusCode : undefined, message : User validation failed: gender: `emale` is not a valid enum value for path `gender`.","service":"request-logging"}
{"level":"info","message":"timestemp : Tue Feb 13 2024 10:18:45 GMT+0530 (India Standard Time), requestUrl : /api/users/signup, statusCode : undefined, message : User validation failed: gender: `emale` is not a valid enum value for path `gender`.","service":"request-logging"}
{"level":"error","message":"timestemp : Tue Feb 13 2024 10:18:45 GMT+0530 (India Standard Time), requestUrl : /api/users/signup, statusCode : undefined, message : User validation failed: gender: `emale` is not a valid enum value for path `gender`.","service":"request-logging"}
{"level":"info","message":"timestemp : Tue Feb 13 2024 16:19:13 GMT+0530 (India Standard Time), requestUrl : /api/users/signup, statusCode : undefined, message : User validation failed: gender: `emale` is not a valid enum value for path `gender`.","service":"request-logging"}
{"level":"error","message":"timestemp : Tue Feb 13 2024 16:19:13 GMT+0530 (India Standard Time), requestUrl : /api/users/signup, statusCode : undefined, message : User validation failed: gender: `emale` is not a valid enum value for path `gender`.","service":"request-logging"}
{"level":"info","message":"timestemp : Tue Feb 13 2024 16:31:33 GMT+0530 (India Standard Time), requestUrl : /api/users/signup, statusCode : undefined, message : User validation failed: gender: `male` is not a valid enum value for path `gender`.","service":"request-logging"}
{"level":"error","message":"timestemp : Tue Feb 13 2024 16:31:33 GMT+0530 (India Standard Time), requestUrl : /api/users/signup, statusCode : undefined, message : User validation failed: gender: `male` is not a valid enum value for path `gender`.","service":"request-logging"}
{"level":"info","message":"timestemp : Tue Feb 13 2024 16:31:47 GMT+0530 (India Standard Time), requestUrl : /api/users/signup, statusCode : undefined, message : User validation failed: gender: `ale` is not a valid enum value for path `gender`.","service":"request-logging"}
{"level":"error","message":"timestemp : Tue Feb 13 2024 16:31:47 GMT+0530 (India Standard Time), requestUrl : /api/users/signup, statusCode : undefined, message : User validation failed: gender: `ale` is not a valid enum value for path `gender`.","service":"request-logging"}
{"level":"info","message":"timestemp : Tue Feb 13 2024 16:31:57 GMT+0530 (India Standard Time), requestUrl : /api/users/signup, statusCode : undefined, message : User validation failed: gender: `ale` is not a valid enum value for path `gender`.","service":"request-logging"}
{"level":"error","message":"timestemp : Tue Feb 13 2024 16:31:57 GMT+0530 (India Standard Time), requestUrl : /api/users/signup, statusCode : undefined, message : User validation failed: gender: `ale` is not a valid enum value for path `gender`.","service":"request-logging"}
{"level":"info","message":"timestemp : Tue Feb 13 2024 16:32:03 GMT+0530 (India Standard Time), requestUrl : /api/users/signup, statusCode : undefined, message : User validation failed: gender: `male` is not a valid enum value for path `gender`.","service":"request-logging"}
{"level":"error","message":"timestemp : Tue Feb 13 2024 16:32:03 GMT+0530 (India Standard Time), requestUrl : /api/users/signup, statusCode : undefined, message : User validation failed: gender: `male` is not a valid enum value for path `gender`.","service":"request-logging"}
{"level":"info","message":"timestemp : Tue Feb 13 2024 16:44:58 GMT+0530 (India Standard Time), requestUrl : /api/users/signup, statusCode : undefined, message : User validation failed: gender: `ale` is not a valid enum value for path `gender`.","service":"request-logging"}
{"level":"error","message":"timestemp : Tue Feb 13 2024 16:44:58 GMT+0530 (India Standard Time), requestUrl : /api/users/signup, statusCode : undefined, message : User validation failed: gender: `ale` is not a valid enum value for path `gender`.","service":"request-logging"}
{"level":"info","message":"timestemp : Tue Feb 13 2024 17:09:43 GMT+0530 (India Standard Time), requestUrl : /api/users/signin, statusCode : undefined, message : bcrypt is not defined","service":"request-logging"}
{"level":"error","message":"timestemp : Tue Feb 13 2024 17:09:43 GMT+0530 (India Standard Time), requestUrl : /api/users/signin, statusCode : undefined, message : bcrypt is not defined","service":"request-logging"}
{"level":"info","message":"timestemp : Tue Feb 13 2024 17:10:23 GMT+0530 (India Standard Time), requestUrl : /api/users/signin, statusCode : undefined, message : Parameter \"filter\" to findOne() must be an object, got \"1a@gmail.com\" (type string)","service":"request-logging"}
{"level":"error","message":"timestemp : Tue Feb 13 2024 17:10:23 GMT+0530 (India Standard Time), requestUrl : /api/users/signin, statusCode : undefined, message : Parameter \"filter\" to findOne() must be an object, got \"1a@gmail.com\" (type string)","service":"request-logging"}
{"level":"info","message":"timestemp : Tue Feb 13 2024 17:10:50 GMT+0530 (India Standard Time), requestUrl : /api/users/signin, statusCode : undefined, message : bcrypt is not defined","service":"request-logging"}
{"level":"error","message":"timestemp : Tue Feb 13 2024 17:10:50 GMT+0530 (India Standard Time), requestUrl : /api/users/signin, statusCode : undefined, message : bcrypt is not defined","service":"request-logging"}
{"level":"info","message":"timestemp : Tue Feb 13 2024 17:11:57 GMT+0530 (India Standard Time), requestUrl : /api/users/signin, statusCode : 401, message : User not found","service":"request-logging"}
{"level":"error","message":"timestemp : Tue Feb 13 2024 17:11:57 GMT+0530 (India Standard Time), requestUrl : /api/users/signin, statusCode : 401, message : User not found","service":"request-logging"}
{"level":"info","message":"timestemp : Tue Feb 13 2024 17:16:57 GMT+0530 (India Standard Time), requestUrl : /api/users/signin, statusCode : 401, message : User not found","service":"request-logging"}
{"level":"error","message":"timestemp : Tue Feb 13 2024 17:16:57 GMT+0530 (India Standard Time), requestUrl : /api/users/signin, statusCode : 401, message : User not found","service":"request-logging"}
{"level":"info","message":"timestemp : Tue Feb 13 2024 17:17:22 GMT+0530 (India Standard Time), requestUrl : /api/users/signin, statusCode : 401, message : Invalid Credentials","service":"request-logging"}
{"level":"error","message":"timestemp : Tue Feb 13 2024 17:17:22 GMT+0530 (India Standard Time), requestUrl : /api/users/signin, statusCode : 401, message : Invalid Credentials","service":"request-logging"}
{"level":"info","message":"timestemp : Tue Feb 13 2024 17:24:05 GMT+0530 (India Standard Time), requestUrl : /api/users/signin, statusCode : undefined, message : res is not defined","service":"request-logging"}
{"level":"error","message":"timestemp : Tue Feb 13 2024 17:24:05 GMT+0530 (India Standard Time), requestUrl : /api/users/signin, statusCode : undefined, message : res is not defined","service":"request-logging"}
{"level":"info","message":"timestemp : Tue Feb 13 2024 17:28:50 GMT+0530 (India Standard Time), requestUrl : /api/users/signin, statusCode : undefined, message : data and hash arguments required","service":"request-logging"}
{"level":"error","message":"timestemp : Tue Feb 13 2024 17:28:50 GMT+0530 (India Standard Time), requestUrl : /api/users/signin, statusCode : undefined, message : data and hash arguments required","service":"request-logging"}
{"level":"info","message":"timestemp : Tue Feb 13 2024 18:34:47 GMT+0530 (India Standard Time), requestUrl : /api/users/updateuser, statusCode : undefined, message : Cannot read properties of undefined (reading '_id')","service":"request-logging"}
{"level":"error","message":"timestemp : Tue Feb 13 2024 18:34:47 GMT+0530 (India Standard Time), requestUrl : /api/users/updateuser, statusCode : undefined, message : Cannot read properties of undefined (reading '_id')","service":"request-logging"}
{"level":"info","message":"timestemp : Tue Feb 13 2024 18:34:57 GMT+0530 (India Standard Time), requestUrl : /api/users/updateuser, statusCode : undefined, message : Cannot read properties of undefined (reading '_id')","service":"request-logging"}
{"level":"error","message":"timestemp : Tue Feb 13 2024 18:34:57 GMT+0530 (India Standard Time), requestUrl : /api/users/updateuser, statusCode : undefined, message : Cannot read properties of undefined (reading '_id')","service":"request-logging"}
{"level":"info","message":"timestemp : Tue Feb 13 2024 18:35:18 GMT+0530 (India Standard Time), requestUrl : /api/users/updateuser, statusCode : undefined, message : Cannot read properties of undefined (reading '_id')","service":"request-logging"}
{"level":"error","message":"timestemp : Tue Feb 13 2024 18:35:18 GMT+0530 (India Standard Time), requestUrl : /api/users/updateuser, statusCode : undefined, message : Cannot read properties of undefined (reading '_id')","service":"request-logging"}
{"level":"info","message":"timestemp : Tue Feb 13 2024 18:35:39 GMT+0530 (India Standard Time), requestUrl : /api/users/updateuser, statusCode : undefined, message : Cannot read properties of undefined (reading 'userId')","service":"request-logging"}
{"level":"error","message":"timestemp : Tue Feb 13 2024 18:35:39 GMT+0530 (India Standard Time), requestUrl : /api/users/updateuser, statusCode : undefined, message : Cannot read properties of undefined (reading 'userId')","service":"request-logging"}
{"level":"info","message":"timestemp : Tue Feb 13 2024 18:35:40 GMT+0530 (India Standard Time), requestUrl : /api/users/updateuser, statusCode : undefined, message : Cannot read properties of undefined (reading 'userId')","service":"request-logging"}
{"level":"error","message":"timestemp : Tue Feb 13 2024 18:35:40 GMT+0530 (India Standard Time), requestUrl : /api/users/updateuser, statusCode : undefined, message : Cannot read properties of undefined (reading 'userId')","service":"request-logging"}
{"level":"info","message":"timestemp : Tue Feb 13 2024 18:36:10 GMT+0530 (India Standard Time), requestUrl : /api/users/updateuser, statusCode : undefined, message : Cannot read properties of undefined (reading 'userId')","service":"request-logging"}
{"level":"error","message":"timestemp : Tue Feb 13 2024 18:36:10 GMT+0530 (India Standard Time), requestUrl : /api/users/updateuser, statusCode : undefined, message : Cannot read properties of undefined (reading 'userId')","service":"request-logging"}
{"level":"info","message":"timestemp : Tue Feb 13 2024 18:38:10 GMT+0530 (India Standard Time), requestUrl : /api/users/updateuser, statusCode : undefined, message : UserModel is not defined","service":"request-logging"}
{"level":"error","message":"timestemp : Tue Feb 13 2024 18:38:10 GMT+0530 (India Standard Time), requestUrl : /api/users/updateuser, statusCode : undefined, message : UserModel is not defined","service":"request-logging"}
{"level":"info","message":"timestemp : Tue Feb 13 2024 18:38:40 GMT+0530 (India Standard Time), requestUrl : /api/users/updateuser, statusCode : undefined, message : Cannot read properties of undefined (reading 'userId')","service":"request-logging"}
{"level":"error","message":"timestemp : Tue Feb 13 2024 18:38:40 GMT+0530 (India Standard Time), requestUrl : /api/users/updateuser, statusCode : undefined, message : Cannot read properties of undefined (reading 'userId')","service":"request-logging"}
{"level":"info","message":"timestemp : Tue Feb 13 2024 18:39:13 GMT+0530 (India Standard Time), requestUrl : /api/users/updateuser, statusCode : undefined, message : Cannot read properties of undefined (reading 'userId')","service":"request-logging"}
{"level":"error","message":"timestemp : Tue Feb 13 2024 18:39:13 GMT+0530 (India Standard Time), requestUrl : /api/users/updateuser, statusCode : undefined, message : Cannot read properties of undefined (reading 'userId')","service":"request-logging"}
{"level":"info","message":"timestemp : Tue Feb 13 2024 18:39:56 GMT+0530 (India Standard Time), requestUrl : /api/users/updateuser, statusCode : undefined, message : Cannot read properties of undefined (reading 'userId')","service":"request-logging"}
{"level":"error","message":"timestemp : Tue Feb 13 2024 18:39:56 GMT+0530 (India Standard Time), requestUrl : /api/users/updateuser, statusCode : undefined, message : Cannot read properties of undefined (reading 'userId')","service":"request-logging"}
{"level":"info","message":"timestemp : Tue Feb 13 2024 18:41:56 GMT+0530 (India Standard Time), requestUrl : /api/users/updateuser, statusCode : undefined, message : Cannot read properties of undefined (reading 'userId')","service":"request-logging"}
{"level":"error","message":"timestemp : Tue Feb 13 2024 18:41:56 GMT+0530 (India Standard Time), requestUrl : /api/users/updateuser, statusCode : undefined, message : Cannot read properties of undefined (reading 'userId')","service":"request-logging"}
{"level":"info","message":"timestemp : Wed Feb 14 2024 07:01:49 GMT+0530 (India Standard Time), requestUrl : /api/users/updateuser, statusCode : undefined, message : Cannot read properties of undefined (reading 'userId')","service":"request-logging"}
{"level":"error","message":"timestemp : Wed Feb 14 2024 07:01:49 GMT+0530 (India Standard Time), requestUrl : /api/users/updateuser, statusCode : undefined, message : Cannot read properties of undefined (reading 'userId')","service":"request-logging"}
{"level":"info","message":"timestemp : Wed Feb 14 2024 07:03:17 GMT+0530 (India Standard Time), requestUrl : /api/users/updateuser, statusCode : undefined, message : Cannot read properties of undefined (reading 'userId')","service":"request-logging"}
{"level":"error","message":"timestemp : Wed Feb 14 2024 07:03:17 GMT+0530 (India Standard Time), requestUrl : /api/users/updateuser, statusCode : undefined, message : Cannot read properties of undefined (reading 'userId')","service":"request-logging"}
{"level":"info","message":"timestemp : Wed Feb 14 2024 07:04:18 GMT+0530 (India Standard Time), requestUrl : /api/users/updateuser, statusCode : undefined, message : Cannot read properties of undefined (reading 'userId')","service":"request-logging"}
{"level":"error","message":"timestemp : Wed Feb 14 2024 07:04:18 GMT+0530 (India Standard Time), requestUrl : /api/users/updateuser, statusCode : undefined, message : Cannot read properties of undefined (reading 'userId')","service":"request-logging"}
{"level":"info","message":"timestemp : Wed Feb 14 2024 07:05:07 GMT+0530 (India Standard Time), requestUrl : /api/users/updateuser, statusCode : undefined, message : Cannot read properties of undefined (reading 'userId')","service":"request-logging"}
{"level":"error","message":"timestemp : Wed Feb 14 2024 07:05:07 GMT+0530 (India Standard Time), requestUrl : /api/users/updateuser, statusCode : undefined, message : Cannot read properties of undefined (reading 'userId')","service":"request-logging"}
{"level":"info","message":"timestemp : Wed Feb 14 2024 07:05:20 GMT+0530 (India Standard Time), requestUrl : /api/users/updateuser, statusCode : undefined, message : data and salt arguments required","service":"request-logging"}
{"level":"error","message":"timestemp : Wed Feb 14 2024 07:05:20 GMT+0530 (India Standard Time), requestUrl : /api/users/updateuser, statusCode : undefined, message : data and salt arguments required","service":"request-logging"}
{"level":"info","message":"timestemp : Wed Feb 14 2024 07:05:51 GMT+0530 (India Standard Time), requestUrl : /api/users/updateuser, statusCode : undefined, message : data and salt arguments required","service":"request-logging"}
{"level":"error","message":"timestemp : Wed Feb 14 2024 07:05:51 GMT+0530 (India Standard Time), requestUrl : /api/users/updateuser, statusCode : undefined, message : data and salt arguments required","service":"request-logging"}
{"level":"info","message":"timestemp : Wed Feb 14 2024 07:06:27 GMT+0530 (India Standard Time), requestUrl : /api/users/updateuser, statusCode : undefined, message : data and salt arguments required","service":"request-logging"}
{"level":"error","message":"timestemp : Wed Feb 14 2024 07:06:27 GMT+0530 (India Standard Time), requestUrl : /api/users/updateuser, statusCode : undefined, message : data and salt arguments required","service":"request-logging"}
{"level":"info","message":"timestemp : Wed Feb 14 2024 07:06:45 GMT+0530 (India Standard Time), requestUrl : /api/users/updateuser, statusCode : undefined, message : data and salt arguments required","service":"request-logging"}
{"level":"error","message":"timestemp : Wed Feb 14 2024 07:06:45 GMT+0530 (India Standard Time), requestUrl : /api/users/updateuser, statusCode : undefined, message : data and salt arguments required","service":"request-logging"}
{"level":"info","message":"timestemp : Wed Feb 14 2024 07:10:25 GMT+0530 (India Standard Time), requestUrl : /api/users/updateuser, statusCode : undefined, message : data and salt arguments required","service":"request-logging"}
{"level":"error","message":"timestemp : Wed Feb 14 2024 07:10:25 GMT+0530 (India Standard Time), requestUrl : /api/users/updateuser, statusCode : undefined, message : data and salt arguments required","service":"request-logging"}
{"level":"info","message":"timestemp : Wed Feb 14 2024 07:10:57 GMT+0530 (India Standard Time), requestUrl : /api/users/updateuser, statusCode : undefined, message : data and salt arguments required","service":"request-logging"}
{"level":"error","message":"timestemp : Wed Feb 14 2024 07:10:57 GMT+0530 (India Standard Time), requestUrl : /api/users/updateuser, statusCode : undefined, message : data and salt arguments required","service":"request-logging"}
{"level":"info","message":"timestemp : Wed Feb 14 2024 07:12:06 GMT+0530 (India Standard Time), requestUrl : /api/users/updateuser, statusCode : undefined, message : data and salt arguments required","service":"request-logging"}
{"level":"error","message":"timestemp : Wed Feb 14 2024 07:12:06 GMT+0530 (India Standard Time), requestUrl : /api/users/updateuser, statusCode : undefined, message : data and salt arguments required","service":"request-logging"}
{"level":"info","message":"timestemp : Wed Feb 14 2024 07:14:54 GMT+0530 (India Standard Time), requestUrl : /api/users/updateuser, statusCode : undefined, message : hashPassword is not defined","service":"request-logging"}
{"level":"error","message":"timestemp : Wed Feb 14 2024 07:14:54 GMT+0530 (India Standard Time), requestUrl : /api/users/updateuser, statusCode : undefined, message : hashPassword is not defined","service":"request-logging"}
{"level":"info","message":"timestemp : Wed Feb 14 2024 07:14:55 GMT+0530 (India Standard Time), requestUrl : /api/users/updateuser, statusCode : undefined, message : hashPassword is not defined","service":"request-logging"}
{"level":"error","message":"timestemp : Wed Feb 14 2024 07:14:55 GMT+0530 (India Standard Time), requestUrl : /api/users/updateuser, statusCode : undefined, message : hashPassword is not defined","service":"request-logging"}
