{"level":"error","message":"timestemp : Tue Feb 13 2024 09:13:37 GMT+0530 (India Standard Time), requestUrl : /api/users/signup, statusCode : undefined, message : undefined","service":"request-logging"}
{"level":"error","message":"timestemp : Tue Feb 13 2024 09:14:28 GMT+0530 (India Standard Time), requestUrl : /api/users/signup, statusCode : undefined, message : User validation failed: gender: `Male` is not a valid enum value for path `gender`.","service":"request-logging"}
{"level":"error","message":"timestemp : Tue Feb 13 2024 09:18:47 GMT+0530 (India Standard Time), requestUrl : /api/users/signup, statusCode : undefined, message : User validation failed: gender: `Male` is not a valid enum value for path `gender`.","service":"request-logging"}
{"level":"error","message":"timestemp : Tue Feb 13 2024 09:19:33 GMT+0530 (India Standard Time), requestUrl : /api/users/signup, statusCode : undefined, message : User validation failed: gender: `Male` is not a valid enum value for path `gender`.","service":"request-logging"}
{"level":"error","message":"timestemp : Tue Feb 13 2024 09:19:49 GMT+0530 (India Standard Time), requestUrl : /api/users/signup, statusCode : undefined, message : User validation failed: gender: `Male` is not a valid enum value for path `gender`.","service":"request-logging"}
{"level":"error","message":"timestemp : Tue Feb 13 2024 09:20:19 GMT+0530 (India Standard Time), requestUrl : /api/users/signup, statusCode : undefined, message : User validation failed: gender: `Male` is not a valid enum value for path `gender`.","service":"request-logging"}
{"level":"error","message":"timestemp : Tue Feb 13 2024 09:20:57 GMT+0530 (India Standard Time), requestUrl : /api/users/signup, statusCode : undefined, message : User validation failed: gender: `Male` is not a valid enum value for path `gender`.","service":"request-logging"}
{"level":"error","message":"timestemp : Tue Feb 13 2024 09:21:52 GMT+0530 (India Standard Time), requestUrl : /api/users/signup, statusCode : undefined, message : User validation failed: gender: `Male` is not a valid enum value for path `gender`.","service":"request-logging"}
{"level":"error","message":"timestemp : Tue Feb 13 2024 09:59:44 GMT+0530 (India Standard Time), requestUrl : /api/users/signup, statusCode : 401, message : User not registered","service":"request-logging"}
{"level":"error","message":"timestemp : Tue Feb 13 2024 10:00:14 GMT+0530 (India Standard Time), requestUrl : /api/users/signup, statusCode : 401, message : User not registered","service":"request-logging"}
{"level":"error","message":"timestemp : Tue Feb 13 2024 10:00:42 GMT+0530 (India Standard Time), requestUrl : /api/users/signup, statusCode : 401, message : User not registered","service":"request-logging"}
{"level":"error","message":"timestemp : Tue Feb 13 2024 10:01:11 GMT+0530 (India Standard Time), requestUrl : /api/users/signup, statusCode : 401, message : User not registered","service":"request-logging"}
{"level":"error","message":"timestemp : Tue Feb 13 2024 10:01:38 GMT+0530 (India Standard Time), requestUrl : /api/users/signup, statusCode : 401, message : User not registered","service":"request-logging"}
{"level":"error","message":"timestemp : Tue Feb 13 2024 10:05:44 GMT+0530 (India Standard Time), requestUrl : /api/users/signup, statusCode : 401, message : User not registered","service":"request-logging"}
{"level":"error","message":"timestemp : Tue Feb 13 2024 10:06:11 GMT+0530 (India Standard Time), requestUrl : /api/users/signup, statusCode : 401, message : User not registered","service":"request-logging"}
{"level":"error","message":"timestemp : Tue Feb 13 2024 10:06:41 GMT+0530 (India Standard Time), requestUrl : /api/users/signup, statusCode : undefined, message : User validation failed: gender: `emale` is not a valid enum value for path `gender`.","service":"request-logging"}
{"level":"error","message":"timestemp : Tue Feb 13 2024 10:11:57 GMT+0530 (India Standard Time), requestUrl : /api/users/signup, statusCode : undefined, message : User validation failed: gender: `emale` is not a valid enum value for path `gender`.","service":"request-logging"}
{"level":"error","message":"timestemp : Tue Feb 13 2024 10:13:45 GMT+0530 (India Standard Time), requestUrl : /api/users/signup, statusCode : undefined, message : User validation failed: gender: `emale` is not a valid enum value for path `gender`.","service":"request-logging"}
{"level":"error","message":"timestemp : Tue Feb 13 2024 10:13:57 GMT+0530 (India Standard Time), requestUrl : /api/users/signup, statusCode : undefined, message : User validation failed: gender: `emale` is not a valid enum value for path `gender`.","service":"request-logging"}
{"level":"error","message":"timestemp : Tue Feb 13 2024 10:15:21 GMT+0530 (India Standard Time), requestUrl : /api/users/signup, statusCode : undefined, message : User validation failed: email: Please enter a valid email address","service":"request-logging"}
{"level":"error","message":"timestemp : Tue Feb 13 2024 10:15:36 GMT+0530 (India Standard Time), requestUrl : /api/users/signup, statusCode : undefined, message : User validation failed: gender: `emale` is not a valid enum value for path `gender`.","service":"request-logging"}
{"level":"error","message":"timestemp : Tue Feb 13 2024 10:18:11 GMT+0530 (India Standard Time), requestUrl : /api/users/signup, statusCode : undefined, message : User validation failed: gender: `emale` is not a valid enum value for path `gender`.","service":"request-logging"}
{"level":"error","message":"timestemp : Tue Feb 13 2024 10:18:45 GMT+0530 (India Standard Time), requestUrl : /api/users/signup, statusCode : undefined, message : User validation failed: gender: `emale` is not a valid enum value for path `gender`.","service":"request-logging"}
{"level":"error","message":"timestemp : Tue Feb 13 2024 16:19:13 GMT+0530 (India Standard Time), requestUrl : /api/users/signup, statusCode : undefined, message : User validation failed: gender: `emale` is not a valid enum value for path `gender`.","service":"request-logging"}
{"level":"error","message":"timestemp : Tue Feb 13 2024 16:31:33 GMT+0530 (India Standard Time), requestUrl : /api/users/signup, statusCode : undefined, message : User validation failed: gender: `male` is not a valid enum value for path `gender`.","service":"request-logging"}
{"level":"error","message":"timestemp : Tue Feb 13 2024 16:31:47 GMT+0530 (India Standard Time), requestUrl : /api/users/signup, statusCode : undefined, message : User validation failed: gender: `ale` is not a valid enum value for path `gender`.","service":"request-logging"}
{"level":"error","message":"timestemp : Tue Feb 13 2024 16:31:57 GMT+0530 (India Standard Time), requestUrl : /api/users/signup, statusCode : undefined, message : User validation failed: gender: `ale` is not a valid enum value for path `gender`.","service":"request-logging"}
{"level":"error","message":"timestemp : Tue Feb 13 2024 16:32:03 GMT+0530 (India Standard Time), requestUrl : /api/users/signup, statusCode : undefined, message : User validation failed: gender: `male` is not a valid enum value for path `gender`.","service":"request-logging"}
{"level":"error","message":"timestemp : Tue Feb 13 2024 16:44:58 GMT+0530 (India Standard Time), requestUrl : /api/users/signup, statusCode : undefined, message : User validation failed: gender: `ale` is not a valid enum value for path `gender`.","service":"request-logging"}
